<?xml version="1.0" encoding="UTF-8"?>
<testsuite xmlns:xsi="http://www.w3.org/2001/XMLSchema-instance" xsi:noNamespaceSchemaLocation="https://maven.apache.org/surefire/maven-surefire-plugin/xsd/surefire-test-report.xsd" version="3.0.1" name="com.manning.junitbook.AppTest" time="0.054" tests="1" errors="0" skipped="0" failures="0">
  <properties>
    <property name="java.specification.version" value="17"/>
    <property name="sun.cpu.isalist" value="amd64"/>
    <property name="sun.jnu.encoding" value="MS949"/>
    <property name="java.class.path" value="C:\workspace\STUDY-자바와-JUnit을-활용한-실용주의-단위-테스트\maven-sampling\target\test-classes;C:\workspace\STUDY-자바와-JUnit을-활용한-실용주의-단위-테스트\maven-sampling\target\classes;C:\Users\black\.m2\repository\org\junit\jupiter\junit-jupiter-api\5.11.0\junit-jupiter-api-5.11.0.jar;C:\Users\black\.m2\repository\org\opentest4j\opentest4j\1.3.0\opentest4j-1.3.0.jar;C:\Users\black\.m2\repository\org\junit\platform\junit-platform-commons\1.11.0\junit-platform-commons-1.11.0.jar;C:\Users\black\.m2\repository\org\apiguardian\apiguardian-api\1.1.2\apiguardian-api-1.1.2.jar;C:\Users\black\.m2\repository\org\junit\jupiter\junit-jupiter-params\5.11.0\junit-jupiter-params-5.11.0.jar;"/>
    <property name="java.vm.vendor" value="Oracle Corporation"/>
    <property name="sun.arch.data.model" value="64"/>
    <property name="user.variant" value=""/>
    <property name="java.vendor.url" value="https://java.oracle.com/"/>
    <property name="user.timezone" value="Asia/Seoul"/>
    <property name="os.name" value="Windows 11"/>
    <property name="java.vm.specification.version" value="17"/>
    <property name="sun.java.launcher" value="SUN_STANDARD"/>
    <property name="user.country" value="KR"/>
    <property name="sun.boot.library.path" value="C:\Program Files\ojdkbuild\jdk-17.0.2\bin"/>
    <property name="sun.java.command" value="C:\Users\black\AppData\Local\Temp\surefire7260294571289036712\surefirebooter-20241010213524450_3.jar C:\Users\black\AppData\Local\Temp\surefire7260294571289036712 2024-10-10T21-35-24_308-jvmRun1 surefire-20241010213524450_1tmp surefire_0-20241010213524450_2tmp"/>
    <property name="jdk.debug" value="release"/>
    <property name="surefire.test.class.path" value="C:\workspace\STUDY-자바와-JUnit을-활용한-실용주의-단위-테스트\maven-sampling\target\test-classes;C:\workspace\STUDY-자바와-JUnit을-활용한-실용주의-단위-테스트\maven-sampling\target\classes;C:\Users\black\.m2\repository\org\junit\jupiter\junit-jupiter-api\5.11.0\junit-jupiter-api-5.11.0.jar;C:\Users\black\.m2\repository\org\opentest4j\opentest4j\1.3.0\opentest4j-1.3.0.jar;C:\Users\black\.m2\repository\org\junit\platform\junit-platform-commons\1.11.0\junit-platform-commons-1.11.0.jar;C:\Users\black\.m2\repository\org\apiguardian\apiguardian-api\1.1.2\apiguardian-api-1.1.2.jar;C:\Users\black\.m2\repository\org\junit\jupiter\junit-jupiter-params\5.11.0\junit-jupiter-params-5.11.0.jar;"/>
    <property name="sun.cpu.endian" value="little"/>
    <property name="user.home" value="C:\Users\black"/>
    <property name="user.language" value="ko"/>
    <property name="java.specification.vendor" value="Oracle Corporation"/>
    <property name="java.version.date" value="2022-01-18"/>
    <property name="java.home" value="C:\Program Files\ojdkbuild\jdk-17.0.2"/>
    <property name="file.separator" value="\"/>
    <property name="basedir" value="C:\workspace\STUDY-자바와-JUnit을-활용한-실용주의-단위-테스트\maven-sampling"/>
    <property name="java.vm.compressedOopsMode" value="Zero based"/>
    <property name="line.separator" value="&#10;"/>
    <property name="java.vm.specification.vendor" value="Oracle Corporation"/>
    <property name="java.specification.name" value="Java Platform API Specification"/>
    <property name="surefire.real.class.path" value="C:\Users\black\AppData\Local\Temp\surefire7260294571289036712\surefirebooter-20241010213524450_3.jar"/>
    <property name="user.script" value=""/>
    <property name="sun.management.compiler" value="HotSpot 64-Bit Tiered Compilers"/>
    <property name="java.runtime.version" value="17.0.2+8-86"/>
    <property name="user.name" value="black"/>
    <property name="path.separator" value=";"/>
    <property name="os.version" value="10.0"/>
    <property name="java.runtime.name" value="OpenJDK Runtime Environment"/>
    <property name="file.encoding" value="MS949"/>
    <property name="java.vm.name" value="OpenJDK 64-Bit Server VM"/>
    <property name="localRepository" value="C:\Users\black\.m2\repository"/>
    <property name="java.vendor.url.bug" value="https://bugreport.java.com/bugreport/"/>
    <property name="java.io.tmpdir" value="C:\Users\black\AppData\Local\Temp\"/>
    <property name="java.version" value="17.0.2"/>
    <property name="user.dir" value="C:\workspace\STUDY-자바와-JUnit을-활용한-실용주의-단위-테스트\maven-sampling"/>
    <property name="os.arch" value="amd64"/>
    <property name="java.vm.specification.name" value="Java Virtual Machine Specification"/>
    <property name="sun.os.patch.level" value=""/>
    <property name="native.encoding" value="MS949"/>
    <property name="java.library.path" value="C:\Program Files\ojdkbuild\jdk-17.0.2\bin;C:\Windows\Sun\Java\bin;C:\Windows\system32;C:\Windows;C:\Users\black\anaconda3\condabin;C:\apache-maven-3.9.9\bin;C:\Users\black\AppData\Local\Programs\Microsoft VS Code\bin;C:\app\black\product\11.2.0\dbhome_1\bin;C:\Users\black\anaconda3;C:\Users\black\anaconda3\Library;C:\Users\black\anaconda3\Scripts;C:\Windows\system32;C:\Windows;C:\Windows\System32\Wbem;C:\Windows\System32\WindowsPowerShell\v1.0;C:\Windows\System32\OpenSSH;C:\Program Files\MariaDB 10.6\bin;C:\Program Files\ojdkbuild\jdk-17.0.2\bin;C:\Program Files\ojdkbuild\jdk-11\bin;C:\Program Files\ojdkbuild\java-1.8.0-openjdk-1.8.0.332-1\bin;C:\Program Files\ojdkbuild\java-1.8.0-openjdk-1.8.0.332-1\jre\bin;C:\Program Files\Bandizip;C:\Program Files\Git\cmd;C:\Program Files\PuTTY;C:\Program Files (x86)\Windows Kits\10\Windows Performance Toolkit;C:\Program Files\MariaDB\MariaDB Connector C 64-bit\lib;C:\Program Files\MariaDB\MariaDB Connector C 64-bit\lib\plugin;C:\Users\black\AppData\Local\Android\Sdk\platform-tools;C:\flutter\bin;C:\Program Files\nodejs;C:\Users\black\AppData\Local\Microsoft\WindowsApps;.;C:\Users\black\AppData\Local\afreeca;C:\Users\black\AppData\Local\Programs\Microsoft VS Code\bin;C:\Users\black\AppData\Roaming\npm;."/>
    <property name="java.vm.info" value="mixed mode, sharing"/>
    <property name="java.vendor" value="Oracle Corporation"/>
    <property name="java.vm.version" value="17.0.2+8-86"/>
    <property name="sun.io.unicode.encoding" value="UnicodeLittle"/>
    <property name="java.class.version" value="61.0"/>
  </properties>
  <testcase name="shouldAnswerWithTrue" classname="com.manning.junitbook.AppTest" time="0.025"/>
</testsuite>